2025-04-09 18:57:03 - [32minfo[39m: Creating configuration file...
2025-04-09 18:57:03 - [32minfo[39m: Adding new script(s) in package.json...
2025-04-09 18:57:03 - [32minfo[39m: Setup completed
2025-04-09 18:59:34 - [32minfo[39m: Running SDK with args C:\Program Files\nodejs\node.exe C:\Users\Viktor\git_repository\lesson21-reporting\node_modules\browserstack-node-sdk\src\bin\runner.js playwright test
2025-04-09 18:59:34 - [32minfo[39m: Reading configs from C:\Users\Viktor\git_repository\lesson21-reporting\browserstack.yml
2025-04-09 18:59:34 - [32minfo[39m: SDK run started with id: e00961a3-1b2b-4455-bdd1-5afbdf1d8ea0
2025-04-09 18:59:34 - [32minfo[39m: Project and debug logs are captured by default. To disable, set disableAutoCaptureLogs: true in config.
2025-04-09 18:59:40 - [32minfo[39m: Local binary started successfully
2025-04-09 18:59:42 - [32minfo[39m: Testhub started with id: 3m44wucg8bhww1pjhvm1g9htivbbosbsz4t1sjkm
2025-04-09 19:04:12 - [32minfo[39m: Shutdown triggered by SIGINT
2025-04-09 19:04:38 - [32minfo[39m: Running SDK with args C:\Program Files\nodejs\node.exe C:\Users\Viktor\git_repository\lesson21-reporting\node_modules\browserstack-node-sdk\src\bin\runner.js playwright test
2025-04-09 19:04:38 - [32minfo[39m: Reading configs from C:\Users\Viktor\git_repository\lesson21-reporting\browserstack.yml
2025-04-09 19:04:38 - [32minfo[39m: SDK run started with id: 0379a579-46a8-4365-a336-04a3a88f8762
2025-04-09 19:04:38 - [32minfo[39m: Project and debug logs are captured by default. To disable, set disableAutoCaptureLogs: true in config.
2025-04-09 19:04:41 - [32minfo[39m: Local binary started successfully
2025-04-09 19:04:43 - [32minfo[39m: Testhub started with id: 6sjpya2y1zxggwhu8kr6uylk2szmnmqflqvlnngx
2025-04-09 19:05:38 - [32minfo[39m: Visit https://observability.browserstack.com/builds/6sjpya2y1zxggwhu8kr6uylk2szmnmqflqvlnngx to view build report, insights, and many more debugging information all at one place!

2025-04-09 19:05:39 - [32minfo[39m: View build on BrowserStack dashboard: https://automate.browserstack.com/dashboard/v2/builds/8906002a97984ba7f9069673d0f3fbe8852f45c1
2025-04-09 19:05:39 - [32minfo[39m: SDK run ended for id: 0379a579-46a8-4365-a336-04a3a88f8762, testhub id: 6sjpya2y1zxggwhu8kr6uylk2szmnmqflqvlnngx
2025-04-09 19:05:41 - [32minfo[39m: Deleting C:\Users\Viktor\git_repository\lesson21-reporting\playwright-browserstack-sdk.config.ts
2025-04-09 19:05:44 - [32minfo[39m: Local binary stopped
